h:\vs2017_text\qtqqxin\qtqq\qtqq\x64\debug\moc\moc_ccmainwindow.cpp
h:\vs2017_text\qtqqxin\qtqq\qtqq\x64\debug\moc\moc_titlebar.cpp
h:\vs2017_text\qtqqxin\qtqq\qtqq\x64\debug\moc\moc_basicwindow.cpp
h:\vs2017_text\qtqqxin\qtqq\qtqq\x64\debug\moc\moc_notifymanager.cpp
h:\vs2017_text\qtqqxin\qtqq\qtqq\x64\debug\moc\moc_contactitem.cpp
h:\vs2017_text\qtqqxin\qtqq\qtqq\x64\debug\moc\moc_rootcontactitem.cpp
h:\vs2017_text\qtqqxin\qtqq\qtqq\x64\debug\moc\moc_custommenu.cpp
h:\vs2017_text\qtqqxin\qtqq\qtqq\x64\debug\moc\moc_systray.cpp
h:\vs2017_text\qtqqxin\qtqq\qtqq\x64\debug\moc\moc_qclicklabel.cpp
h:\vs2017_text\qtqqxin\qtqq\qtqq\x64\debug\moc\moc_skinwindow.cpp
h:\vs2017_text\qtqqxin\qtqq\qtqq\x64\debug\moc\moc_userlogin.cpp
h:\vs2017_text\qtqqxin\qtqq\qtqq\x64\debug\uic\ui_ccmainwindow.h
h:\vs2017_text\qtqqxin\qtqq\qtqq\x64\debug\uic\ui_contactitem.h
h:\vs2017_text\qtqqxin\qtqq\qtqq\x64\debug\uic\ui_skinwindow.h
h:\vs2017_text\qtqqxin\qtqq\qtqq\x64\debug\uic\ui_userlogin.h
h:\vs2017_text\qtqqxin\qtqq\qtqq\x64\debug\rcc\qrc_ccmainwindow.cpp
h:\vs2017_text\qtqqxin\qtqq\qtqq\x64\debug\qtqq.tlog\moc.read.1u.tlog
h:\vs2017_text\qtqqxin\qtqq\qtqq\x64\debug\qtqq.tlog\moc.write.1u.tlog
h:\vs2017_text\qtqqxin\qtqq\qtqq\x64\debug\qtqq.tlog\qtqq.write.1u.tlog
h:\vs2017_text\qtqqxin\qtqq\qtqq\x64\debug\qtqq.tlog\rcc.read.1u.tlog
h:\vs2017_text\qtqqxin\qtqq\qtqq\x64\debug\qtqq.tlog\rcc.write.1u.tlog
h:\vs2017_text\qtqqxin\qtqq\qtqq\x64\debug\qtqq.tlog\uic.read.1u.tlog
h:\vs2017_text\qtqqxin\qtqq\qtqq\x64\debug\qtqq.tlog\uic.write.1u.tlog
