h:\vs2017_text\qtqqxin\qtqq\qtqq\x64\debug\moc_msgwebview.obj
h:\vs2017_text\qtqqxin\qtqq\qtqq\x64\debug\moc_notifymanager.obj
h:\vs2017_text\qtqqxin\qtqq\qtqq\x64\debug\moc_contactitem.obj
h:\vs2017_text\qtqqxin\qtqq\qtqq\x64\debug\moc_qmsgtextedit.obj
h:\vs2017_text\qtqqxin\qtqq\qtqq\x64\debug\moc_userlogin.obj
h:\vs2017_text\qtqqxin\qtqq\qtqq\x64\debug\moc_windowmanager.obj
h:\vs2017_text\qtqqxin\qtqq\qtqq\x64\debug\qrc_ccmainwindow.obj
h:\vs2017_text\qtqqxin\qtqq\qtqq\x64\debug\moc_talkwindowshell.obj
h:\vs2017_text\qtqqxin\qtqq\qtqq\x64\debug\moc_talkwindowitem.obj
h:\vs2017_text\qtqqxin\qtqq\qtqq\x64\debug\moc_qclicklabel.obj
h:\vs2017_text\qtqqxin\qtqq\qtqq\x64\debug\moc_basicwindow.obj
h:\vs2017_text\qtqqxin\qtqq\qtqq\x64\debug\moc_custommenu.obj
h:\vs2017_text\qtqqxin\qtqq\qtqq\x64\debug\moc_talkwindow.obj
h:\vs2017_text\qtqqxin\qtqq\qtqq\x64\debug\moc_ccmainwindow.obj
h:\vs2017_text\qtqqxin\qtqq\qtqq\x64\debug\moc_emotionlabelitem.obj
h:\vs2017_text\qtqqxin\qtqq\qtqq\x64\debug\moc_systray.obj
h:\vs2017_text\qtqqxin\qtqq\qtqq\x64\debug\moc_emotionwindow.obj
h:\vs2017_text\qtqqxin\qtqq\qtqq\x64\debug\moc_skinwindow.obj
h:\vs2017_text\qtqqxin\qtqq\qtqq\x64\debug\moc_titlebar.obj
h:\vs2017_text\qtqqxin\qtqq\qtqq\x64\debug\moc_rootcontactitem.obj
h:\vs2017_text\qtqqxin\qtqq\qtqq\x64\debug\emotionlabelitem.obj
h:\vs2017_text\qtqqxin\qtqq\qtqq\x64\debug\skinwindow.obj
h:\vs2017_text\qtqqxin\qtqq\qtqq\x64\debug\notifymanager.obj
h:\vs2017_text\qtqqxin\qtqq\qtqq\x64\debug\rootcontactitem.obj
h:\vs2017_text\qtqqxin\qtqq\qtqq\x64\debug\qclicklabel.obj
h:\vs2017_text\qtqqxin\qtqq\qtqq\x64\debug\talkwindowshell.obj
h:\vs2017_text\qtqqxin\qtqq\qtqq\x64\debug\basicwindow.obj
h:\vs2017_text\qtqqxin\qtqq\qtqq\x64\debug\userlogin.obj
h:\vs2017_text\qtqqxin\qtqq\qtqq\x64\debug\commonutils.obj
h:\vs2017_text\qtqqxin\qtqq\qtqq\x64\debug\talkwindowitem.obj
h:\vs2017_text\qtqqxin\qtqq\qtqq\x64\debug\main.obj
h:\vs2017_text\qtqqxin\qtqq\qtqq\x64\debug\qmsgtextedit.obj
h:\vs2017_text\qtqqxin\qtqq\qtqq\x64\debug\titlebar.obj
h:\vs2017_text\qtqqxin\qtqq\qtqq\x64\debug\contactitem.obj
h:\vs2017_text\qtqqxin\qtqq\qtqq\x64\debug\systray.obj
h:\vs2017_text\qtqqxin\qtqq\qtqq\x64\debug\ccmainwindow.obj
h:\vs2017_text\qtqqxin\qtqq\qtqq\x64\debug\msgwebview.obj
h:\vs2017_text\qtqqxin\qtqq\qtqq\x64\debug\emotionwindow.obj
h:\vs2017_text\qtqqxin\qtqq\qtqq\x64\debug\windowmanager.obj
h:\vs2017_text\qtqqxin\qtqq\qtqq\x64\debug\custommenu.obj
h:\vs2017_text\qtqqxin\qtqq\qtqq\x64\debug\talkwindow.obj
h:\vs2017_text\qtqqxin\qtqq\qtqq\x64\debug\vc141.pdb
h:\vs2017_text\qtqqxin\qtqq\qtqq\x64\debug\moc\moc_ccmainwindow.cpp
h:\vs2017_text\qtqqxin\qtqq\qtqq\x64\debug\moc\moc_titlebar.cpp
h:\vs2017_text\qtqqxin\qtqq\qtqq\x64\debug\moc\moc_basicwindow.cpp
h:\vs2017_text\qtqqxin\qtqq\qtqq\x64\debug\moc\moc_notifymanager.cpp
h:\vs2017_text\qtqqxin\qtqq\qtqq\x64\debug\moc\moc_msgwebview.cpp
h:\vs2017_text\qtqqxin\qtqq\qtqq\x64\debug\moc\moc_qmsgtextedit.cpp
h:\vs2017_text\qtqqxin\qtqq\qtqq\x64\debug\moc\moc_windowmanager.cpp
h:\vs2017_text\qtqqxin\qtqq\qtqq\x64\debug\moc\moc_talkwindow.cpp
h:\vs2017_text\qtqqxin\qtqq\qtqq\x64\debug\moc\moc_talkwindowitem.cpp
h:\vs2017_text\qtqqxin\qtqq\qtqq\x64\debug\moc\moc_emotionlabelitem.cpp
h:\vs2017_text\qtqqxin\qtqq\qtqq\x64\debug\moc\moc_emotionwindow.cpp
h:\vs2017_text\qtqqxin\qtqq\qtqq\x64\debug\moc\moc_talkwindowshell.cpp
h:\vs2017_text\qtqqxin\qtqq\qtqq\x64\debug\moc\moc_contactitem.cpp
h:\vs2017_text\qtqqxin\qtqq\qtqq\x64\debug\moc\moc_rootcontactitem.cpp
h:\vs2017_text\qtqqxin\qtqq\qtqq\x64\debug\moc\moc_custommenu.cpp
h:\vs2017_text\qtqqxin\qtqq\qtqq\x64\debug\moc\moc_systray.cpp
h:\vs2017_text\qtqqxin\qtqq\qtqq\x64\debug\moc\moc_qclicklabel.cpp
h:\vs2017_text\qtqqxin\qtqq\qtqq\x64\debug\moc\moc_skinwindow.cpp
h:\vs2017_text\qtqqxin\qtqq\qtqq\x64\debug\moc\moc_userlogin.cpp
h:\vs2017_text\qtqqxin\qtqq\qtqq\x64\debug\uic\ui_ccmainwindow.h
h:\vs2017_text\qtqqxin\qtqq\qtqq\x64\debug\uic\ui_contactitem.h
h:\vs2017_text\qtqqxin\qtqq\qtqq\x64\debug\uic\ui_emotionwindow.h
h:\vs2017_text\qtqqxin\qtqq\qtqq\x64\debug\uic\ui_skinwindow.h
h:\vs2017_text\qtqqxin\qtqq\qtqq\x64\debug\uic\ui_talkwindow.h
h:\vs2017_text\qtqqxin\qtqq\qtqq\x64\debug\uic\ui_talkwindowitem.h
h:\vs2017_text\qtqqxin\qtqq\qtqq\x64\debug\uic\ui_talkwindowshell.h
h:\vs2017_text\qtqqxin\qtqq\qtqq\x64\debug\uic\ui_userlogin.h
h:\vs2017_text\qtqqxin\qtqq\qtqq\x64\debug\rcc\qrc_ccmainwindow.cpp
h:\vs2017_text\qtqqxin\qtqq\x64\debug\qtqq.pdb
h:\vs2017_text\qtqqxin\qtqq\qtqq\x64\debug\qtqq.tlog\cl.10780.write.1.tlog
h:\vs2017_text\qtqqxin\qtqq\qtqq\x64\debug\qtqq.tlog\cl.command.1.tlog
h:\vs2017_text\qtqqxin\qtqq\qtqq\x64\debug\qtqq.tlog\cl.read.1.tlog
h:\vs2017_text\qtqqxin\qtqq\qtqq\x64\debug\qtqq.tlog\link-cvtres.read.1.tlog
h:\vs2017_text\qtqqxin\qtqq\qtqq\x64\debug\qtqq.tlog\link-cvtres.write.1.tlog
h:\vs2017_text\qtqqxin\qtqq\qtqq\x64\debug\qtqq.tlog\link-rc.read.1.tlog
h:\vs2017_text\qtqqxin\qtqq\qtqq\x64\debug\qtqq.tlog\link-rc.write.1.tlog
h:\vs2017_text\qtqqxin\qtqq\qtqq\x64\debug\qtqq.tlog\link.command.1.tlog
h:\vs2017_text\qtqqxin\qtqq\qtqq\x64\debug\qtqq.tlog\link.read.1.tlog
h:\vs2017_text\qtqqxin\qtqq\qtqq\x64\debug\qtqq.tlog\link.write.1.tlog
h:\vs2017_text\qtqqxin\qtqq\qtqq\x64\debug\qtqq.tlog\moc.read.1u.tlog
h:\vs2017_text\qtqqxin\qtqq\qtqq\x64\debug\qtqq.tlog\moc.write.1u.tlog
h:\vs2017_text\qtqqxin\qtqq\qtqq\x64\debug\qtqq.tlog\qtqq.write.1u.tlog
h:\vs2017_text\qtqqxin\qtqq\qtqq\x64\debug\qtqq.tlog\rcc.read.1u.tlog
h:\vs2017_text\qtqqxin\qtqq\qtqq\x64\debug\qtqq.tlog\rcc.write.1u.tlog
h:\vs2017_text\qtqqxin\qtqq\qtqq\x64\debug\qtqq.tlog\uic.read.1u.tlog
h:\vs2017_text\qtqqxin\qtqq\qtqq\x64\debug\qtqq.tlog\uic.write.1u.tlog
